<?xml version="1.0" encoding="UTF-8"?>
<!-- Generated by org.testng.reporters.JUnitReportReporter -->
<testsuite hostname="Shree-PC" name="com.abp.four.FTest" tests="1" failures="0" timestamp="23 Jul 2018 06:15:20 GMT" time="0.016" errors="0">
  <testcase name="f" time="0.016" classname="com.abp.four.FTest"/>
</testsuite> <!-- com.abp.four.FTest -->
