<?xml version="1.0" encoding="UTF-8"?>
<!-- Generated by org.testng.reporters.JUnitReportReporter -->
<testsuite hostname="Shree-PC" name="com.abp.one.MTest" tests="2" failures="0" timestamp="23 Jul 2018 06:13:05 GMT" time="0.015" errors="0">
  <testcase name="m2" time="0.015" classname="com.abp.one.MTest"/>
  <testcase name="m2" time="0.000" classname="com.abp.one.MTest"/>
</testsuite> <!-- com.abp.one.MTest -->
