<?xml version="1.0" encoding="UTF-8"?>
<!-- Generated by org.testng.reporters.JUnitReportReporter -->
<testsuite hostname="Shree-PC" name="com.abp.three.DTest" tests="1" failures="0" timestamp="23 Jul 2018 06:15:20 GMT" time="0.000" errors="0">
  <testcase name="d" time="0.000" classname="com.abp.three.DTest"/>
</testsuite> <!-- com.abp.three.DTest -->
